  Determining projects to restore...
  All projects are up-to-date for restore.
/home/holy/Documents/C#/Projects/BocaDeDrogasAPI/Controllers/DrogaController.cs(22,25): error CS1061: 'AppDbContext' does not contain a definition for 'Drogas' and no accessible extension method 'Drogas' accepting a first argument of type 'AppDbContext' could be found (are you missing a using directive or an assembly reference?) [/home/holy/Documents/C#/Projects/BocaDeDrogasAPI/BocaDeDrogasAPI.csproj]
/home/holy/Documents/C#/Projects/BocaDeDrogasAPI/Controllers/DrogaController.cs(30,43): error CS1061: 'AppDbContext' does not contain a definition for 'Drogas' and no accessible extension method 'Drogas' accepting a first argument of type 'AppDbContext' could be found (are you missing a using directive or an assembly reference?) [/home/holy/Documents/C#/Projects/BocaDeDrogasAPI/BocaDeDrogasAPI.csproj]
/home/holy/Documents/C#/Projects/BocaDeDrogasAPI/Controllers/DrogaController.cs(37,43): error CS1061: 'AppDbContext' does not contain a definition for 'Drogas' and no accessible extension method 'Drogas' accepting a first argument of type 'AppDbContext' could be found (are you missing a using directive or an assembly reference?) [/home/holy/Documents/C#/Projects/BocaDeDrogasAPI/BocaDeDrogasAPI.csproj]
/home/holy/Documents/C#/Projects/BocaDeDrogasAPI/Controllers/VendaController.cs(31,19): error CS1061: 'Droga' does not contain a definition for 'Quantidade' and no accessible extension method 'Quantidade' accepting a first argument of type 'Droga' could be found (are you missing a using directive or an assembly reference?) [/home/holy/Documents/C#/Projects/BocaDeDrogasAPI/BocaDeDrogasAPI.csproj]
/home/holy/Documents/C#/Projects/BocaDeDrogasAPI/Controllers/VendaController.cs(33,90): error CS1061: 'Droga' does not contain a definition for 'Quantidade' and no accessible extension method 'Quantidade' accepting a first argument of type 'Droga' could be found (are you missing a using directive or an assembly reference?) [/home/holy/Documents/C#/Projects/BocaDeDrogasAPI/BocaDeDrogasAPI.csproj]
/home/holy/Documents/C#/Projects/BocaDeDrogasAPI/Controllers/VendaController.cs(36,19): error CS1061: 'Droga' does not contain a definition for 'Quantidade' and no accessible extension method 'Quantidade' accepting a first argument of type 'Droga' could be found (are you missing a using directive or an assembly reference?) [/home/holy/Documents/C#/Projects/BocaDeDrogasAPI/BocaDeDrogasAPI.csproj]
/home/holy/Documents/C#/Projects/BocaDeDrogasAPI/Controllers/VendaController.cs(37,13): error CS0120: An object reference is required for the non-static field, method, or property 'Consumidor.Divida' [/home/holy/Documents/C#/Projects/BocaDeDrogasAPI/BocaDeDrogasAPI.csproj]
/home/holy/Documents/C#/Projects/BocaDeDrogasAPI/Controllers/VendaController.cs(39,13): error CS0103: The name '_context' does not exist in the current context [/home/holy/Documents/C#/Projects/BocaDeDrogasAPI/BocaDeDrogasAPI.csproj]
/home/holy/Documents/C#/Projects/BocaDeDrogasAPI/Controllers/VendaController.cs(40,19): error CS0103: The name '_context' does not exist in the current context [/home/holy/Documents/C#/Projects/BocaDeDrogasAPI/BocaDeDrogasAPI.csproj]
/home/holy/Documents/C#/Projects/BocaDeDrogasAPI/Controllers/DrogaController.cs(48,52): error CS1061: 'AppDbContext' does not contain a definition for 'Drogas' and no accessible extension method 'Drogas' accepting a first argument of type 'AppDbContext' could be found (are you missing a using directive or an assembly reference?) [/home/holy/Documents/C#/Projects/BocaDeDrogasAPI/BocaDeDrogasAPI.csproj]
/home/holy/Documents/C#/Projects/BocaDeDrogasAPI/Controllers/DrogaController.cs(62,37): error CS1061: 'AppDbContext' does not contain a definition for 'Drogas' and no accessible extension method 'Drogas' accepting a first argument of type 'AppDbContext' could be found (are you missing a using directive or an assembly reference?) [/home/holy/Documents/C#/Projects/BocaDeDrogasAPI/BocaDeDrogasAPI.csproj]
/home/holy/Documents/C#/Projects/BocaDeDrogasAPI/Controllers/DrogaController.cs(69,25): error CS1061: 'AppDbContext' does not contain a definition for 'Drogas' and no accessible extension method 'Drogas' accepting a first argument of type 'AppDbContext' could be found (are you missing a using directive or an assembly reference?) [/home/holy/Documents/C#/Projects/BocaDeDrogasAPI/BocaDeDrogasAPI.csproj]

Build FAILED.

/home/holy/Documents/C#/Projects/BocaDeDrogasAPI/Controllers/DrogaController.cs(22,25): error CS1061: 'AppDbContext' does not contain a definition for 'Drogas' and no accessible extension method 'Drogas' accepting a first argument of type 'AppDbContext' could be found (are you missing a using directive or an assembly reference?) [/home/holy/Documents/C#/Projects/BocaDeDrogasAPI/BocaDeDrogasAPI.csproj]
/home/holy/Documents/C#/Projects/BocaDeDrogasAPI/Controllers/DrogaController.cs(30,43): error CS1061: 'AppDbContext' does not contain a definition for 'Drogas' and no accessible extension method 'Drogas' accepting a first argument of type 'AppDbContext' could be found (are you missing a using directive or an assembly reference?) [/home/holy/Documents/C#/Projects/BocaDeDrogasAPI/BocaDeDrogasAPI.csproj]
/home/holy/Documents/C#/Projects/BocaDeDrogasAPI/Controllers/DrogaController.cs(37,43): error CS1061: 'AppDbContext' does not contain a definition for 'Drogas' and no accessible extension method 'Drogas' accepting a first argument of type 'AppDbContext' could be found (are you missing a using directive or an assembly reference?) [/home/holy/Documents/C#/Projects/BocaDeDrogasAPI/BocaDeDrogasAPI.csproj]
/home/holy/Documents/C#/Projects/BocaDeDrogasAPI/Controllers/VendaController.cs(31,19): error CS1061: 'Droga' does not contain a definition for 'Quantidade' and no accessible extension method 'Quantidade' accepting a first argument of type 'Droga' could be found (are you missing a using directive or an assembly reference?) [/home/holy/Documents/C#/Projects/BocaDeDrogasAPI/BocaDeDrogasAPI.csproj]
/home/holy/Documents/C#/Projects/BocaDeDrogasAPI/Controllers/VendaController.cs(33,90): error CS1061: 'Droga' does not contain a definition for 'Quantidade' and no accessible extension method 'Quantidade' accepting a first argument of type 'Droga' could be found (are you missing a using directive or an assembly reference?) [/home/holy/Documents/C#/Projects/BocaDeDrogasAPI/BocaDeDrogasAPI.csproj]
/home/holy/Documents/C#/Projects/BocaDeDrogasAPI/Controllers/VendaController.cs(36,19): error CS1061: 'Droga' does not contain a definition for 'Quantidade' and no accessible extension method 'Quantidade' accepting a first argument of type 'Droga' could be found (are you missing a using directive or an assembly reference?) [/home/holy/Documents/C#/Projects/BocaDeDrogasAPI/BocaDeDrogasAPI.csproj]
/home/holy/Documents/C#/Projects/BocaDeDrogasAPI/Controllers/VendaController.cs(37,13): error CS0120: An object reference is required for the non-static field, method, or property 'Consumidor.Divida' [/home/holy/Documents/C#/Projects/BocaDeDrogasAPI/BocaDeDrogasAPI.csproj]
/home/holy/Documents/C#/Projects/BocaDeDrogasAPI/Controllers/VendaController.cs(39,13): error CS0103: The name '_context' does not exist in the current context [/home/holy/Documents/C#/Projects/BocaDeDrogasAPI/BocaDeDrogasAPI.csproj]
/home/holy/Documents/C#/Projects/BocaDeDrogasAPI/Controllers/VendaController.cs(40,19): error CS0103: The name '_context' does not exist in the current context [/home/holy/Documents/C#/Projects/BocaDeDrogasAPI/BocaDeDrogasAPI.csproj]
/home/holy/Documents/C#/Projects/BocaDeDrogasAPI/Controllers/DrogaController.cs(48,52): error CS1061: 'AppDbContext' does not contain a definition for 'Drogas' and no accessible extension method 'Drogas' accepting a first argument of type 'AppDbContext' could be found (are you missing a using directive or an assembly reference?) [/home/holy/Documents/C#/Projects/BocaDeDrogasAPI/BocaDeDrogasAPI.csproj]
/home/holy/Documents/C#/Projects/BocaDeDrogasAPI/Controllers/DrogaController.cs(62,37): error CS1061: 'AppDbContext' does not contain a definition for 'Drogas' and no accessible extension method 'Drogas' accepting a first argument of type 'AppDbContext' could be found (are you missing a using directive or an assembly reference?) [/home/holy/Documents/C#/Projects/BocaDeDrogasAPI/BocaDeDrogasAPI.csproj]
/home/holy/Documents/C#/Projects/BocaDeDrogasAPI/Controllers/DrogaController.cs(69,25): error CS1061: 'AppDbContext' does not contain a definition for 'Drogas' and no accessible extension method 'Drogas' accepting a first argument of type 'AppDbContext' could be found (are you missing a using directive or an assembly reference?) [/home/holy/Documents/C#/Projects/BocaDeDrogasAPI/BocaDeDrogasAPI.csproj]
    0 Warning(s)
    12 Error(s)

Time Elapsed 00:00:04.16
